DEBUG - 2025-03-19 08:15:49 --> Session: Class initialized using 'CodeIgniter\Session\Handlers\FileHandler' driver.
DEBUG - 2025-03-19 08:15:49 --> Session: Class initialized using 'CodeIgniter\Session\Handlers\FileHandler' driver.
DEBUG - 2025-03-19 08:15:56 --> Session: Class initialized using 'CodeIgniter\Session\Handlers\FileHandler' driver.
CRITICAL - 2025-03-19 08:15:57 --> ErrorException: file_get_contents(): SSL operation failed with code 1. OpenSSL Error messages:
error:0A000086:SSL routines::certificate verify failed
[Method: POST, Route: auth/authenticate]
in APPPATH\Controllers\Auth.php on line 34.
 1 [internal function]: CodeIgniter\Debug\Exceptions->errorHandler(2, 'file_get_contents(): SSL operation failed with code 1. OpenSSL Error messages:
error:0A000086:SSL routines::certificate verify failed', 'C:\\xampp\\htdocs\\simutasi\\app\\Controllers\\Auth.php', 34)
 2 APPPATH\Controllers\Auth.php(34): file_get_contents('https://www.google.com/recaptcha/api/siteverify?secret=6LepasoqAAAAAP0H_15xqhh9RI3HLByT-fnXO1BX&response=03AFcWeA7pwmVTXUkqrQBjm0daqyN3a--6iNm-RotRhhJuUpc88kAaIVCB7PFYYSh6K9n3XdkjVjDEEbcIhj-PZZcaIs3ZItgVMDAyg3DWzC98Lzngbu0kmcyXBjmyEJAdcJrb9MFIKEwzRpISjhURmNq_sxKENTBIhxTTIT-EBJAi-S_msEZX0a_kQs24XpQEEivU4s5SBkfCBQCUQlidXAEf10_dtqbxMfMlXxi1v1UxaOT9cE4Z0MPncw85PWK3dTRSSbX00drDVH1vtPvFxlZDTIUUiUv7S-xMXM1jsPh6bD2iVyUrkeOi2XpJKDFrbysbAB5XRCLDDo0QCL3cepoaJ92XOtegju34Osk-_CiStdcxPFrbtQSTvSwJ8bFEuor7fnlGDUr9cM5OjdzwkYlI4LM37rrXVL4n2micprz7taCOxlZosh8KewQdmGyFjcP4SmeemYQiVs17jHZ6FYc4ATm4EnshrEA7L1hlxx28wr4gpSTEL87gxmHcByRseLjEXZUD9aJjic96aBdZV3mElElc26MVlTX4xtADae7E0LXQlwIvvCvdImhlTzq2FP6diRNeqUnPW7r8Z_8uojRVV_FcEiasW2Sy51Pbk0ifY_uVIBEzwktkWrSFDyPU5egri-6SB856SXZmGVtil1sRvQXtPkHnoUMpAw5VXcqNgIsMJ0vgf-v07LJPymeLxvZ3aRoSbvXKKProxs8rSsKIO5iMSM1B-Sq_FSoTcjqh-WLceWtGK6BDOLcGcpq5gEEg4PgKb5lnJc1DC9iKHkxrH-XMYri-NhUAA1nQaEKuC7ryyfkyJ8Vr8K82E3tycoEKTNdx8VpdYOyg0lh0LjBfdch9knmInktSRZcq7XcNJ8BU__RrA4l3i_oGSCcRwN8l3v15SKNP5Q7iWXlJ-awWDoyQehrrZsRlpI_i7s77ZkwThm7tYWzbxU-qumSxYAj6S_OR8leHS2MIY0CcCqizRsXrBhc2cl7jffhe1Osdk3byaBgpNNzYBjbrFjob1kHLXD5zICqjylDXBkbRwOP-jTCtNy79MB--o8RiKgSZmSggk75hWSqnqvSn38TNSYG6Nm_HbtMVuFMMQKrq78gCqvW2WCzbft95x_uH4-6dplAifX_QQIN8Uuvt6-5r2DEa3MgYhmnZIBb9OpHpGyHq66DQXv_PuFuFejNTYT7BtT3SGwKw1itMtkLO7tLhFfr4hSai_sBYSeSK73SiS6_CAF0kIQdKjzczA9pwGBQyVj9FBVXzx-AmmPTRxuKecZ55_C3sIQN_OQqA6-SrrSKc-dq7ZdHg9fgENyjRnH41AA2Khexe-rIKYbyCdQtgjMcrlXK9vPmsDoRJB6-8br5HUaQBnsTNuQmP4B2t3o9L_4FZa_-Hos0d47K2p0A1yEr4YsLWT-Ylg2Os4w0N0IClukYAmynKnI-j1RfFzoJi5vBNnuuxSGhYP4P7xqPV1uMxdfN-pyqe70h154YZcogeX7IWY2NSVbZEBGWJjwabTUBK_vqf8QMf5y7_R4fCFpuBspV7ZUuDesr4Nh5tCqBQmADlWO1DNJNo6xkIg44CkhJ8cEn-kcpH14LUczC6Xi0kYN10Cfq-XGOOU1qmv-r4W8HZomL_0Bxrbsi4cIFgFH-BE8TkVdBjip1i6YIzMTA1a4ipyQbhAAbY3XO5hFIZ37Q9Kf7BB3d-yx006o1_y9h7HDYrIhJQlxHRYqMjoBRsjEB7XrRmwOt8x76eBk8s5ou7ZPsq0haK5Pi-MXTgPGL9YybLmRIkF-t0BtNEFQs867-4BgAeqfeAzYMBTVEBZQN1mHmn9GP2OfydG2eLZYklcAQRm9oyKuYkNDgqMFk7LC7wjWVLfDriQIeZarmUDizgzpNCsKcMq6Oj9gsJzylcyw9GOjz_8NC7yEyyquz7PVPFcICI-jYE2y196-3vy3tlWXsnnwI6cQzpnKmkhkSOQjw3SVYJDw1mlmtGw7HGg_Gmx6Ie')
 3 SYSTEMPATH\CodeIgniter.php(933): App\Controllers\Auth->authenticate()
 4 SYSTEMPATH\CodeIgniter.php(509): CodeIgniter\CodeIgniter->runController(Object(App\Controllers\Auth))
 5 SYSTEMPATH\CodeIgniter.php(355): CodeIgniter\CodeIgniter->handleRequest(null, Object(Config\Cache), false)
 6 SYSTEMPATH\Boot.php(334): CodeIgniter\CodeIgniter->run()
 7 SYSTEMPATH\Boot.php(67): CodeIgniter\Boot::runCodeIgniter(Object(CodeIgniter\CodeIgniter))
 8 FCPATH\index.php(56): CodeIgniter\Boot::bootWeb(Object(Config\Paths))
 9 SYSTEMPATH\rewrite.php(44): require_once('C:\\xampp\\htdocs\\simutasi\\public\\index.php')
DEBUG - 2025-03-19 08:16:23 --> Session: Class initialized using 'CodeIgniter\Session\Handlers\FileHandler' driver.
CRITICAL - 2025-03-19 08:16:24 --> ErrorException: file_get_contents(): SSL operation failed with code 1. OpenSSL Error messages:
error:0A000086:SSL routines::certificate verify failed
[Method: POST, Route: auth/authenticate]
in APPPATH\Controllers\Auth.php on line 34.
 1 [internal function]: CodeIgniter\Debug\Exceptions->errorHandler(2, 'file_get_contents(): SSL operation failed with code 1. OpenSSL Error messages:
error:0A000086:SSL routines::certificate verify failed', 'C:\\xampp\\htdocs\\simutasi\\app\\Controllers\\Auth.php', 34)
 2 APPPATH\Controllers\Auth.php(34): file_get_contents('https://www.google.com/recaptcha/api/siteverify?secret=6LepasoqAAAAAP0H_15xqhh9RI3HLByT-fnXO1BX&response=03AFcWeA7pwmVTXUkqrQBjm0daqyN3a--6iNm-RotRhhJuUpc88kAaIVCB7PFYYSh6K9n3XdkjVjDEEbcIhj-PZZcaIs3ZItgVMDAyg3DWzC98Lzngbu0kmcyXBjmyEJAdcJrb9MFIKEwzRpISjhURmNq_sxKENTBIhxTTIT-EBJAi-S_msEZX0a_kQs24XpQEEivU4s5SBkfCBQCUQlidXAEf10_dtqbxMfMlXxi1v1UxaOT9cE4Z0MPncw85PWK3dTRSSbX00drDVH1vtPvFxlZDTIUUiUv7S-xMXM1jsPh6bD2iVyUrkeOi2XpJKDFrbysbAB5XRCLDDo0QCL3cepoaJ92XOtegju34Osk-_CiStdcxPFrbtQSTvSwJ8bFEuor7fnlGDUr9cM5OjdzwkYlI4LM37rrXVL4n2micprz7taCOxlZosh8KewQdmGyFjcP4SmeemYQiVs17jHZ6FYc4ATm4EnshrEA7L1hlxx28wr4gpSTEL87gxmHcByRseLjEXZUD9aJjic96aBdZV3mElElc26MVlTX4xtADae7E0LXQlwIvvCvdImhlTzq2FP6diRNeqUnPW7r8Z_8uojRVV_FcEiasW2Sy51Pbk0ifY_uVIBEzwktkWrSFDyPU5egri-6SB856SXZmGVtil1sRvQXtPkHnoUMpAw5VXcqNgIsMJ0vgf-v07LJPymeLxvZ3aRoSbvXKKProxs8rSsKIO5iMSM1B-Sq_FSoTcjqh-WLceWtGK6BDOLcGcpq5gEEg4PgKb5lnJc1DC9iKHkxrH-XMYri-NhUAA1nQaEKuC7ryyfkyJ8Vr8K82E3tycoEKTNdx8VpdYOyg0lh0LjBfdch9knmInktSRZcq7XcNJ8BU__RrA4l3i_oGSCcRwN8l3v15SKNP5Q7iWXlJ-awWDoyQehrrZsRlpI_i7s77ZkwThm7tYWzbxU-qumSxYAj6S_OR8leHS2MIY0CcCqizRsXrBhc2cl7jffhe1Osdk3byaBgpNNzYBjbrFjob1kHLXD5zICqjylDXBkbRwOP-jTCtNy79MB--o8RiKgSZmSggk75hWSqnqvSn38TNSYG6Nm_HbtMVuFMMQKrq78gCqvW2WCzbft95x_uH4-6dplAifX_QQIN8Uuvt6-5r2DEa3MgYhmnZIBb9OpHpGyHq66DQXv_PuFuFejNTYT7BtT3SGwKw1itMtkLO7tLhFfr4hSai_sBYSeSK73SiS6_CAF0kIQdKjzczA9pwGBQyVj9FBVXzx-AmmPTRxuKecZ55_C3sIQN_OQqA6-SrrSKc-dq7ZdHg9fgENyjRnH41AA2Khexe-rIKYbyCdQtgjMcrlXK9vPmsDoRJB6-8br5HUaQBnsTNuQmP4B2t3o9L_4FZa_-Hos0d47K2p0A1yEr4YsLWT-Ylg2Os4w0N0IClukYAmynKnI-j1RfFzoJi5vBNnuuxSGhYP4P7xqPV1uMxdfN-pyqe70h154YZcogeX7IWY2NSVbZEBGWJjwabTUBK_vqf8QMf5y7_R4fCFpuBspV7ZUuDesr4Nh5tCqBQmADlWO1DNJNo6xkIg44CkhJ8cEn-kcpH14LUczC6Xi0kYN10Cfq-XGOOU1qmv-r4W8HZomL_0Bxrbsi4cIFgFH-BE8TkVdBjip1i6YIzMTA1a4ipyQbhAAbY3XO5hFIZ37Q9Kf7BB3d-yx006o1_y9h7HDYrIhJQlxHRYqMjoBRsjEB7XrRmwOt8x76eBk8s5ou7ZPsq0haK5Pi-MXTgPGL9YybLmRIkF-t0BtNEFQs867-4BgAeqfeAzYMBTVEBZQN1mHmn9GP2OfydG2eLZYklcAQRm9oyKuYkNDgqMFk7LC7wjWVLfDriQIeZarmUDizgzpNCsKcMq6Oj9gsJzylcyw9GOjz_8NC7yEyyquz7PVPFcICI-jYE2y196-3vy3tlWXsnnwI6cQzpnKmkhkSOQjw3SVYJDw1mlmtGw7HGg_Gmx6Ie')
 3 SYSTEMPATH\CodeIgniter.php(933): App\Controllers\Auth->authenticate()
 4 SYSTEMPATH\CodeIgniter.php(509): CodeIgniter\CodeIgniter->runController(Object(App\Controllers\Auth))
 5 SYSTEMPATH\CodeIgniter.php(355): CodeIgniter\CodeIgniter->handleRequest(null, Object(Config\Cache), false)
 6 SYSTEMPATH\Boot.php(334): CodeIgniter\CodeIgniter->run()
 7 SYSTEMPATH\Boot.php(67): CodeIgniter\Boot::runCodeIgniter(Object(CodeIgniter\CodeIgniter))
 8 FCPATH\index.php(56): CodeIgniter\Boot::bootWeb(Object(Config\Paths))
 9 SYSTEMPATH\rewrite.php(44): require_once('C:\\xampp\\htdocs\\simutasi\\public\\index.php')
DEBUG - 2025-03-19 08:16:28 --> Session: Class initialized using 'CodeIgniter\Session\Handlers\FileHandler' driver.
DEBUG - 2025-03-19 08:16:37 --> Session: Class initialized using 'CodeIgniter\Session\Handlers\FileHandler' driver.
CRITICAL - 2025-03-19 08:16:38 --> ErrorException: file_get_contents(): SSL operation failed with code 1. OpenSSL Error messages:
error:0A000086:SSL routines::certificate verify failed
[Method: POST, Route: auth/authenticate]
in APPPATH\Controllers\Auth.php on line 34.
 1 [internal function]: CodeIgniter\Debug\Exceptions->errorHandler(2, 'file_get_contents(): SSL operation failed with code 1. OpenSSL Error messages:
error:0A000086:SSL routines::certificate verify failed', 'C:\\xampp\\htdocs\\simutasi\\app\\Controllers\\Auth.php', 34)
 2 APPPATH\Controllers\Auth.php(34): file_get_contents('https://www.google.com/recaptcha/api/siteverify?secret=6LepasoqAAAAAP0H_15xqhh9RI3HLByT-fnXO1BX&response=03AFcWeA6J9UZr6SzSv0SG0IsAcbNvd9GWdT1NFGMFNTLALzhYGPS2vb_2eoJdpCugMg54eo7RpSHmtUO7wzxzxN0GTqBr1O2PAklao1pz8vvsrJquxD5eytW8p3VhTByo1mY5Id_xT_O6Cxnw-YkT3JgnwgpybHaDTcoIg0Az-KUlySc73ljZoq8IHJvTwc1dP-onhUDigrHJGSxvc3-j-5KHaoh0nsFS6dtnalm7iLT3zglPx_L0FGUgtaOFuxTaTnJtyM4BzhAGTxDbl7_oBl3_GC8OMtkCI8a__2MgRYlsm0iLnvpzImC4zjpSnwwCcpdpoLzksULhZeERJAaheP9YJME7Q-Lolu2Do_ch8ov1ZS_2CH77uf5kXOtEOoK5RZPKuy31lDQTBOHVeYvkKxiUzG3cv8M7Qls6PlL3dns6qE65bIHsIFaj-rRj2b1tYADxuNUwW3lVUViVnngBrnyzZNwlXlcpanVKhXwzxKlF8EeD_w-UWaO__9tz3F0VpDOasFXD64rLLZ21KzMcU-Xswir6wifQBuC3EuMkszXu6Xgxb7BVcG_wGVuficX176z286GAVfbmYT-ij1f_Lmv2Eo8DrF_oosUm3SS2O01w7qspeAialAIQrN2hRfwcv1wHTiS1eeJHUemU5AnPVOp6B-oT2iLHFT-xcY5sVGSVFcvklHVxnUM8l9inUL66zVGnxsV8Pxf1-U1HZpQ8ZmbuEHDSvwowsS3RJE7gT7i1YhZcKlXbiXEMKw_qdHtGFLtX0sCZAzerf8r6QY3oAnthGS7C5tyS47jUuRE-c0_pH8RQOGG0HclsZsxHWVy2UY0XMBRyxVAi6ORrnfmT3hRo-MzAagsrqfJCUpPh4SXpTttzfJS4zAo09icdMZZ9gkzXj2xL-fpx1gK9hTNyLC24Lqo0PZbor67IU-VyS_at8pvgm6XDhoAHutf_q5lLRwT2JExBLZEbm1vNjTzI_WCdhl9w_YvTlB5pkJ3ivoiE1ILHUwtJldjkfx5UDvSHV74-0FHAUc55CXPc9NuBVAmNWh3HhSyXwF-1XWvDULdmHug0fnEc0u0oTj8lvWK98fxxIJfMzrsr6z4dPYj1mnIQdxXg4vTgXiPv_0UaJEABwLS7IR7U7zm1-6owYKPyxjFAndSBq8oZPsG7_V3H2udUU_DBs2h7IQVZ_mxMoTjtZzoCiQ3DuqMlf7WW-aKiI5t_LcqoOWmGdjqor6qD7ilX3hNlxXFfac--2eu5o5A4kTGV25wQT0ESDuWZG0TUcaH27doj-2MG_w_k6FeZ5Dh2q1u8buMe41_6vw59HogdxHji3ivUu9Mehpn3OuMSBaCXsgQBACrGCp9VRUfr2-l46u44I1efG6M1o1YK6PRRAq7L4HtW-8-Zm7weesH3nQRMY6zO__2Xiz4ASCRdxx6YUudfuH5j1ROOdIcPV6rsSGO-BGVPvFc1Ir_7yBVifMcnHa95EnFctO0Nouxgv92EeWNROvwRii1SNv4HJL1sj36Q3JXrA3kwW4Ln6-Tx_PcyVi7Pv5aOe76RcdJ5kxBzBVc_r66bx9COUIlKXXRh_jlVWiQBFJaSMLuq4vatzFpiPbpxpNYS9Z5CrNSpmXDZJhsj3tVnLLA8xCq1SAVmddtB5Y6w9LzTztL7DkjCRO6nYoDQsw0K_zKBXpqtSsjbNmDL_VgW7MojsE3EhLj9_w8Zo8xjd2NBWTCo6dyg9lQclEiprueyDwxfjqsIn6HQ1Dt_nA22xpp3ed2oDpz-258xWI0tOA45NtSJDBDpIpyO7Qs4Xz57x5MuGj4UJzOOyBizVRWY8jBBDAzCqwjDsnwRo1bXLTmD6rh_BhMNnaxM8IVF0Unpt_R4hOxgPcatagz1-pvoGymfAqo1WtuRlgDc3zMrWiRJd7H4hvjvzaQpINlH4bAcnid7iYiN-MHSkzpSeHXz3hf4pfGtPm3qiqLmbaARnlCnZEyHQYsgTWsciVN0bV7E5uqiaOXK9BPfpj07z2F2vw')
 3 SYSTEMPATH\CodeIgniter.php(933): App\Controllers\Auth->authenticate()
 4 SYSTEMPATH\CodeIgniter.php(509): CodeIgniter\CodeIgniter->runController(Object(App\Controllers\Auth))
 5 SYSTEMPATH\CodeIgniter.php(355): CodeIgniter\CodeIgniter->handleRequest(null, Object(Config\Cache), false)
 6 SYSTEMPATH\Boot.php(334): CodeIgniter\CodeIgniter->run()
 7 SYSTEMPATH\Boot.php(67): CodeIgniter\Boot::runCodeIgniter(Object(CodeIgniter\CodeIgniter))
 8 FCPATH\index.php(56): CodeIgniter\Boot::bootWeb(Object(Config\Paths))
 9 SYSTEMPATH\rewrite.php(44): require_once('C:\\xampp\\htdocs\\simutasi\\public\\index.php')
DEBUG - 2025-03-19 08:23:16 --> Session: Class initialized using 'CodeIgniter\Session\Handlers\FileHandler' driver.
DEBUG - 2025-03-19 08:23:27 --> Session: Class initialized using 'CodeIgniter\Session\Handlers\FileHandler' driver.
CRITICAL - 2025-03-19 08:23:28 --> ErrorException: file_get_contents(): SSL operation failed with code 1. OpenSSL Error messages:
error:0A000086:SSL routines::certificate verify failed
[Method: POST, Route: auth/authenticate]
in APPPATH\Controllers\Auth.php on line 34.
 1 [internal function]: CodeIgniter\Debug\Exceptions->errorHandler(2, 'file_get_contents(): SSL operation failed with code 1. OpenSSL Error messages:
error:0A000086:SSL routines::certificate verify failed', 'C:\\xampp\\htdocs\\simutasi\\app\\Controllers\\Auth.php', 34)
 2 APPPATH\Controllers\Auth.php(34): file_get_contents('https://www.google.com/recaptcha/api/siteverify?secret=6LepasoqAAAAAP0H_15xqhh9RI3HLByT-fnXO1BX&response=03AFcWeA4gSpPXBTOTlyWzawicpoO5jw6JwxS9a8Ryp-xM_nnjyHpfMfJno3mQbi3e3fi5Ll_vhPNJY_JKL_uaXSy8jDj1f1jZ89ZD0OePOOIt7SadyHikxnpXW_Ypt3evOotMf9f1blRFNEqgz1fWs248I5avN3eoC5cTlnIGKNT8CukCdegzzncgb_vm4SSGI--WAQxwjTVbjH5alvUYsd1IyqsWCwAQXuD94NSsyXgHg1klWXjpupuldnNQ5mwpoT_mnqcveTh8oJvrYX_YzE-A2UWGQB0J_RCeY4LLKHiyjrhdwfGU23BZi3v2OdNqHLmYCanFQ3EQfr-dmnoxmVi3qeTGsaffOKaPv_JoZdUptmmm7I3ES_ldUn4O7zHwW-t-yRXq7XpJ9rqwMRntCl5MkN7S-PqRWETkAr-UXq4m0HH0nv9uFgcJiHbwE7nBqt5dQuiDeQsrzn3zoGWihVhc4D5-29ac2XizP4TN2sipxR8plWJXKudLbilkdA3JvE-sL9NoDKkhHTzRwNzMMfrL2831jeNcc-x911KOpEoCPGPBi3qdkPrGEY6FkxMGUMNvrgPhiCpZ3yXRdMoDHWSmiETXzwMTk_dBqUVw40yXnbWkyO9tdoCqyn0fTFdmaCJWtJBONlJh0ge6BNnGAHJQpF8aj-sTMybxW6eVBgu7uByiKPZaCyT1xmEoWGNppj6JMgnIFKCP50sf7lkc9pyO2ime6UF7cOumoLcfmiiUaxe0kpX8kpaxAmcEaLx1XXn_52avrtyAWvJKD7qfvf3tOsHPCU7okBuelQY47NTOWLhNwVph0BLkz_eVHsalAMs1V5979m3C8kCq7ZOndTiVDUM4hLzCCzgaLTTrMUPnnn-l3F4B9nJDPhj5h-Xnk4L4mpZdudUcnwu6o6d46I7GXIrHBwG-W0IfTMK97qLRrsSu3eoWWx9cw7AkjmbvHQtGvENr76-F2TNnzxghd8_3BKuQ0bM3vsIhZTVT9h0GEuVS4dHzFs64bbygKCIUS9PZZHkJkYgQo_dxNdNooUmwt9x8qjj777HwgM_bcxu40UtmcoVYtArZ4iEaoDOpHh2GTZnYsqIs0gedz6VPmCxLqssSeG6VuXMNwb8btPlVteM58O1yFWUQLSBTzRSw41oGNKhT3cBZDfUmH8FHGolg05GDV2voRQOhBsxI3xruhOxpcy19ylmhSaUKsC6J6aNdJxNkEnrkafJPavQn5gNV7rw9GtHZM3t3zZWV3VSCxUZpLJ3O0ZHnsNR-MXWdkPnArznwVh0Bah8sjyCBAlpLD0rCNhpgQouJuW2BIt8STm1gX7GkfE3D-5Erw-xNdll6BeCoI2-pfagnGo4ZN3D8mNFM0QBdhWfzUbVO_KmbD08ScUYh8u9nbbLdQZdChXuVrBCQdq55QWWckZbdqFrO-ETZtDCFXunbKiY0T3m3nj0QO-9hRIczNubcxlztUv4dxNflZFQL_GeJsOGDklyd-qE7V33Gb5CXAZvTB7THUVw2u6TWLYDkNaijbApx9H-QmTHBB7M7ikRzMUOR2nCkK1lGNwP8Uvw1_5U4_AOnQhZy2AnzAbRVqOXQ6FsUo_M9DtIEdmn3K0266IqU96RC4EaR5_mVtDsueFzTMIkIx77Fs4Te-HEGpzl0t_xU_rV3PbC6ajHC5-HtcbPm1ybLDtcQmk-g36zm-doTFSLH2pn3Obkv19ATBcdAx1Y_zjxDzwLUk-8Z8ZmVlnjjJ2kelOtes8Hm8ShFKbG0Zoiud02I0fsDJb8NofCIY9VZLZa52LkWC6JGH9k-yroRY0X8hYwraSejqR7ahRyOEXaDF9SLSFj8iJ2dwdFLFaGES6PewHpsH8w_DHElvIeS8FwzgUpEgbycP5EPuBvm8mwI3-yIULGbjac2GJiFxzuQwkGfjHP6i68GOC0iMgdWNDfURjHqfxBADNgVFDgnGHlESGAGDKPA-1Xz5xE_kcNIyM6rur6r5T8c8ChjYY9zZsYnZezPOMbuIQ')
 3 SYSTEMPATH\CodeIgniter.php(933): App\Controllers\Auth->authenticate()
 4 SYSTEMPATH\CodeIgniter.php(509): CodeIgniter\CodeIgniter->runController(Object(App\Controllers\Auth))
 5 SYSTEMPATH\CodeIgniter.php(355): CodeIgniter\CodeIgniter->handleRequest(null, Object(Config\Cache), false)
 6 SYSTEMPATH\Boot.php(334): CodeIgniter\CodeIgniter->run()
 7 SYSTEMPATH\Boot.php(67): CodeIgniter\Boot::runCodeIgniter(Object(CodeIgniter\CodeIgniter))
 8 FCPATH\index.php(56): CodeIgniter\Boot::bootWeb(Object(Config\Paths))
 9 SYSTEMPATH\rewrite.php(44): require_once('C:\\xampp\\htdocs\\simutasi\\public\\index.php')
DEBUG - 2025-03-19 08:28:04 --> Session: Class initialized using 'CodeIgniter\Session\Handlers\FileHandler' driver.
CRITICAL - 2025-03-19 08:28:05 --> ErrorException: file_get_contents(): SSL operation failed with code 1. OpenSSL Error messages:
error:0A000086:SSL routines::certificate verify failed
[Method: POST, Route: auth/authenticate]
in APPPATH\Controllers\Auth.php on line 34.
 1 [internal function]: CodeIgniter\Debug\Exceptions->errorHandler(2, 'file_get_contents(): SSL operation failed with code 1. OpenSSL Error messages:
error:0A000086:SSL routines::certificate verify failed', 'C:\\xampp\\htdocs\\simutasi\\app\\Controllers\\Auth.php', 34)
 2 APPPATH\Controllers\Auth.php(34): file_get_contents('https://www.google.com/recaptcha/api/siteverify?secret=6LepasoqAAAAAP0H_15xqhh9RI3HLByT-fnXO1BX&response=03AFcWeA4gSpPXBTOTlyWzawicpoO5jw6JwxS9a8Ryp-xM_nnjyHpfMfJno3mQbi3e3fi5Ll_vhPNJY_JKL_uaXSy8jDj1f1jZ89ZD0OePOOIt7SadyHikxnpXW_Ypt3evOotMf9f1blRFNEqgz1fWs248I5avN3eoC5cTlnIGKNT8CukCdegzzncgb_vm4SSGI--WAQxwjTVbjH5alvUYsd1IyqsWCwAQXuD94NSsyXgHg1klWXjpupuldnNQ5mwpoT_mnqcveTh8oJvrYX_YzE-A2UWGQB0J_RCeY4LLKHiyjrhdwfGU23BZi3v2OdNqHLmYCanFQ3EQfr-dmnoxmVi3qeTGsaffOKaPv_JoZdUptmmm7I3ES_ldUn4O7zHwW-t-yRXq7XpJ9rqwMRntCl5MkN7S-PqRWETkAr-UXq4m0HH0nv9uFgcJiHbwE7nBqt5dQuiDeQsrzn3zoGWihVhc4D5-29ac2XizP4TN2sipxR8plWJXKudLbilkdA3JvE-sL9NoDKkhHTzRwNzMMfrL2831jeNcc-x911KOpEoCPGPBi3qdkPrGEY6FkxMGUMNvrgPhiCpZ3yXRdMoDHWSmiETXzwMTk_dBqUVw40yXnbWkyO9tdoCqyn0fTFdmaCJWtJBONlJh0ge6BNnGAHJQpF8aj-sTMybxW6eVBgu7uByiKPZaCyT1xmEoWGNppj6JMgnIFKCP50sf7lkc9pyO2ime6UF7cOumoLcfmiiUaxe0kpX8kpaxAmcEaLx1XXn_52avrtyAWvJKD7qfvf3tOsHPCU7okBuelQY47NTOWLhNwVph0BLkz_eVHsalAMs1V5979m3C8kCq7ZOndTiVDUM4hLzCCzgaLTTrMUPnnn-l3F4B9nJDPhj5h-Xnk4L4mpZdudUcnwu6o6d46I7GXIrHBwG-W0IfTMK97qLRrsSu3eoWWx9cw7AkjmbvHQtGvENr76-F2TNnzxghd8_3BKuQ0bM3vsIhZTVT9h0GEuVS4dHzFs64bbygKCIUS9PZZHkJkYgQo_dxNdNooUmwt9x8qjj777HwgM_bcxu40UtmcoVYtArZ4iEaoDOpHh2GTZnYsqIs0gedz6VPmCxLqssSeG6VuXMNwb8btPlVteM58O1yFWUQLSBTzRSw41oGNKhT3cBZDfUmH8FHGolg05GDV2voRQOhBsxI3xruhOxpcy19ylmhSaUKsC6J6aNdJxNkEnrkafJPavQn5gNV7rw9GtHZM3t3zZWV3VSCxUZpLJ3O0ZHnsNR-MXWdkPnArznwVh0Bah8sjyCBAlpLD0rCNhpgQouJuW2BIt8STm1gX7GkfE3D-5Erw-xNdll6BeCoI2-pfagnGo4ZN3D8mNFM0QBdhWfzUbVO_KmbD08ScUYh8u9nbbLdQZdChXuVrBCQdq55QWWckZbdqFrO-ETZtDCFXunbKiY0T3m3nj0QO-9hRIczNubcxlztUv4dxNflZFQL_GeJsOGDklyd-qE7V33Gb5CXAZvTB7THUVw2u6TWLYDkNaijbApx9H-QmTHBB7M7ikRzMUOR2nCkK1lGNwP8Uvw1_5U4_AOnQhZy2AnzAbRVqOXQ6FsUo_M9DtIEdmn3K0266IqU96RC4EaR5_mVtDsueFzTMIkIx77Fs4Te-HEGpzl0t_xU_rV3PbC6ajHC5-HtcbPm1ybLDtcQmk-g36zm-doTFSLH2pn3Obkv19ATBcdAx1Y_zjxDzwLUk-8Z8ZmVlnjjJ2kelOtes8Hm8ShFKbG0Zoiud02I0fsDJb8NofCIY9VZLZa52LkWC6JGH9k-yroRY0X8hYwraSejqR7ahRyOEXaDF9SLSFj8iJ2dwdFLFaGES6PewHpsH8w_DHElvIeS8FwzgUpEgbycP5EPuBvm8mwI3-yIULGbjac2GJiFxzuQwkGfjHP6i68GOC0iMgdWNDfURjHqfxBADNgVFDgnGHlESGAGDKPA-1Xz5xE_kcNIyM6rur6r5T8c8ChjYY9zZsYnZezPOMbuIQ')
 3 SYSTEMPATH\CodeIgniter.php(933): App\Controllers\Auth->authenticate()
 4 SYSTEMPATH\CodeIgniter.php(509): CodeIgniter\CodeIgniter->runController(Object(App\Controllers\Auth))
 5 SYSTEMPATH\CodeIgniter.php(355): CodeIgniter\CodeIgniter->handleRequest(null, Object(Config\Cache), false)
 6 SYSTEMPATH\Boot.php(334): CodeIgniter\CodeIgniter->run()
 7 SYSTEMPATH\Boot.php(67): CodeIgniter\Boot::runCodeIgniter(Object(CodeIgniter\CodeIgniter))
 8 FCPATH\index.php(56): CodeIgniter\Boot::bootWeb(Object(Config\Paths))
 9 SYSTEMPATH\rewrite.php(44): require_once('C:\\xampp\\htdocs\\simutasi\\public\\index.php')
DEBUG - 2025-03-19 08:28:13 --> Session: Class initialized using 'CodeIgniter\Session\Handlers\FileHandler' driver.
DEBUG - 2025-03-19 08:28:22 --> Session: Class initialized using 'CodeIgniter\Session\Handlers\FileHandler' driver.
CRITICAL - 2025-03-19 08:28:23 --> ErrorException: file_get_contents(): SSL operation failed with code 1. OpenSSL Error messages:
error:0A000086:SSL routines::certificate verify failed
[Method: POST, Route: auth/authenticate]
in APPPATH\Controllers\Auth.php on line 34.
 1 [internal function]: CodeIgniter\Debug\Exceptions->errorHandler(2, 'file_get_contents(): SSL operation failed with code 1. OpenSSL Error messages:
error:0A000086:SSL routines::certificate verify failed', 'C:\\xampp\\htdocs\\simutasi\\app\\Controllers\\Auth.php', 34)
 2 APPPATH\Controllers\Auth.php(34): file_get_contents('https://www.google.com/recaptcha/api/siteverify?secret=6LepasoqAAAAAP0H_15xqhh9RI3HLByT-fnXO1BX&response=03AFcWeA4mWpyyHzm8GgbRBJmeNcBlyrAD81iRPryeJcfq8-iiEbIufTWKTziaoIizcA1l6zmqoiMccO7VXuOmhHqiCrrq1tj19gYz6emflF6gBGbaZsqK94Elphu9H0vhE-Y3Z9L5vJHPjEK9jXd7cqGKJ3AJf0WTAJCBJ4ua8EQV6BEOR1UW0m-n4h_3oWi8E_952VgBmP-6Y-b-4-bLEEXKPth6bHuj8qYVqMLG3KkoF7Sq7lYOv2MMMYt_-02gI9OQWMDKNDkNjUsIvli3HziojXQViB0MnPW7QpxATZ674tvplb8EPiEJI1cIp9Q8otojcccaEhxhyAVOmwCm3NStr_3021XvlN7lhmwZm-5HqozrIcMCKhxOwAubayrL-ZtjbFFlzw9Fdv6WqmAU8lEhNDEU-1kO7WuW5CARvd6MCOSTVjuLYiexAIfjz31ky6Xv4uYvJjv5uEMuPydK2bwHw7bCJSGW-cR7JwGmxaUnZdjEplm1045EFy-v8LbIFuJxtLFS-Wa1nmLVIMVW1VvJzc5nOAXuL1eCgJwgZ7XH6NRczsFqfQChpOgiUMqq0BGH7Fo_q85BJjSQriq2Ljtf6p7uHojglkyZrdZMnCNZu-HjZU83EBZjxvTYBY4oy2KUYPDR3ocGV8J6_upc3YDIG5HR7meMCK40fQDy7Z3O3Wt8eD_GDqb7Etp7oC3GWED99vs5BdWHVe4Y6ve6FJcrJbk1mehN0S5q3za5u8SJoxv4kmYLMb46QMqmSZTpTw3gDcxmowOSTypwVyoQiXJuW2oH1v_xF7pv61nzWUHGup49pa9E_YKkmu8qRyI48ltMoYxWgKWyVzSVSu2Optymyb8zQhGuQRxqoFBgiac75rlOAR-bHHd7nwGTPDitwue_C57IT7JIS4dMcdhJ0Em9GZxwz6waP3moexiWk-ARaZA8a95KaU2o5H9Csa9kP7ZOPiCaJC9DUFOy6qM4xR_D89xoxImSHXAA8vA_isO_4fMU0xWHFNyvs8hynkfK1zD916dKLW5boe-v_4oJKggbAcvoqaMVCUx3MzHGpj5WQP36VLxEiv64TJUiu-F3P9a-hekI7iGs8wFW0MZFxp6ZFMKXJdO4iC7N8et6udaZt1X0LT4eQzZLRQOnHV9Qj85fAH0xPOtHdUO4LMeUP3sLaELUWtqNyDdxlI9skFyrIp_bxb5BLixu6R88cMUaaLEV19_4GjKAnV8520Vcg8nmtmaxEhv25sjYnwJee3z_Fty2wLBO1EoP33pPAvp3_8NWE5xuFpkiTdTX_8u9Y-0-MG4_iZo1EtyDPzZ0OnIuFzCgWHd3DKP1Y6WjvcFFDv_wkcbaWx6gS1GFMVeBLdKxfZTN8tZSJqRVcHeSuJsLLr2MAi-H_QK7i6d67Dt279FuxBSGsrYRUFTiMpTlxVS2osfvxoOVjznKWt2nhpv0ykCqKJnrweYnX3FuvKnoyGEQEuX3jgMkPBD2ALokRzAi9H3wtgCtN1rE0vAO--AIcNashGL9_OpE4RRuXVEuYB6rRckePTYxz7WthuRHkAiKrVhrsJt2lT7mvNQRgcGt0J5MfMi5KO_LUZVUlQPZa_eQ4ZsTp4Lif72UgeFCU1LLnJUPbVn4DMzdXjdqwLAmaJmp5of3vPXj0VAgCxg2G4idpz8DHb48tB4KRAF1W7bSb_MT2wSb-8AdS1dtb350DuY4Z67BbaBkkYFkmLnc8CD4f5qlHOT3GY3xLCcuVeqDE211jN6o6-zelIWOQXx0x4MwXzOHFPTolPUvz_XZoJnedeRmONM8tir268wdB5Xj1USAQX6mBW4cbCvpSeSB2uYu5qkiXur28l4xjRQX3nPZMC4QDC9s9I0k3O7xBUx7UjhQVEzIfHHx4L1Z5jPD4rLTHiVnlOUwE0qpW8yBB9qPvIa4VhrxJz2r2ElOXb1Et6J3SlStSC1jdDte7rOCoT7W589JfpQcn-mdCfu1_H7e8RbhdcdQVNl1nu5W4DeKIJ9sdpEWmg')
 3 SYSTEMPATH\CodeIgniter.php(933): App\Controllers\Auth->authenticate()
 4 SYSTEMPATH\CodeIgniter.php(509): CodeIgniter\CodeIgniter->runController(Object(App\Controllers\Auth))
 5 SYSTEMPATH\CodeIgniter.php(355): CodeIgniter\CodeIgniter->handleRequest(null, Object(Config\Cache), false)
 6 SYSTEMPATH\Boot.php(334): CodeIgniter\CodeIgniter->run()
 7 SYSTEMPATH\Boot.php(67): CodeIgniter\Boot::runCodeIgniter(Object(CodeIgniter\CodeIgniter))
 8 FCPATH\index.php(56): CodeIgniter\Boot::bootWeb(Object(Config\Paths))
 9 SYSTEMPATH\rewrite.php(44): require_once('C:\\xampp\\htdocs\\simutasi\\public\\index.php')
DEBUG - 2025-03-19 13:24:20 --> Session: Class initialized using 'CodeIgniter\Session\Handlers\FileHandler' driver.
DEBUG - 2025-03-19 13:24:20 --> Session: Class initialized using 'CodeIgniter\Session\Handlers\FileHandler' driver.
DEBUG - 2025-03-19 13:25:49 --> Session: Class initialized using 'CodeIgniter\Session\Handlers\FileHandler' driver.
DEBUG - 2025-03-19 13:25:52 --> Session: Class initialized using 'CodeIgniter\Session\Handlers\FileHandler' driver.
DEBUG - 2025-03-19 13:25:53 --> Session: Class initialized using 'CodeIgniter\Session\Handlers\FileHandler' driver.
DEBUG - 2025-03-19 13:25:54 --> Session: Class initialized using 'CodeIgniter\Session\Handlers\FileHandler' driver.
DEBUG - 2025-03-19 13:26:45 --> Session: Class initialized using 'CodeIgniter\Session\Handlers\FileHandler' driver.
DEBUG - 2025-03-19 13:26:55 --> Session: Class initialized using 'CodeIgniter\Session\Handlers\FileHandler' driver.
DEBUG - 2025-03-19 13:26:57 --> Session: Class initialized using 'CodeIgniter\Session\Handlers\FileHandler' driver.
DEBUG - 2025-03-19 13:26:58 --> Session: Class initialized using 'CodeIgniter\Session\Handlers\FileHandler' driver.
DEBUG - 2025-03-19 13:26:58 --> Session: Class initialized using 'CodeIgniter\Session\Handlers\FileHandler' driver.
DEBUG - 2025-03-19 13:26:58 --> Session: Class initialized using 'CodeIgniter\Session\Handlers\FileHandler' driver.
DEBUG - 2025-03-19 13:28:37 --> Session: Class initialized using 'CodeIgniter\Session\Handlers\FileHandler' driver.
DEBUG - 2025-03-19 13:28:38 --> Session: Class initialized using 'CodeIgniter\Session\Handlers\FileHandler' driver.
DEBUG - 2025-03-19 13:28:38 --> Session: Class initialized using 'CodeIgniter\Session\Handlers\FileHandler' driver.
DEBUG - 2025-03-19 13:28:38 --> Session: Class initialized using 'CodeIgniter\Session\Handlers\FileHandler' driver.
DEBUG - 2025-03-19 13:28:47 --> Session: Class initialized using 'CodeIgniter\Session\Handlers\FileHandler' driver.
DEBUG - 2025-03-19 13:28:56 --> Session: Class initialized using 'CodeIgniter\Session\Handlers\FileHandler' driver.
DEBUG - 2025-03-19 13:28:56 --> Menghapus data pengiriman_usulan untuk nomor_usulan: CD006202503100001
DEBUG - 2025-03-19 13:28:56 --> Menghapus data usulan_status_history untuk nomor_usulan: CD006202503100001
ERROR - 2025-03-19 13:28:56 --> Tidak ditemukan data usulan_drive_links untuk nomor_usulan: CD006202503100001
DEBUG - 2025-03-19 13:28:56 --> Menghapus data usulan dengan ID: 123
DEBUG - 2025-03-19 13:28:56 --> Session: Class initialized using 'CodeIgniter\Session\Handlers\FileHandler' driver.
DEBUG - 2025-03-19 13:28:59 --> Session: Class initialized using 'CodeIgniter\Session\Handlers\FileHandler' driver.
